mode: set
github.com/TheHarryFer/go-bookings/internal/handlers/handlers.go:33.62,38.2 1 1
github.com/TheHarryFer/go-bookings/internal/handlers/handlers.go:41.51,46.2 1 1
github.com/TheHarryFer/go-bookings/internal/handlers/handlers.go:49.33,51.2 1 1
github.com/TheHarryFer/go-bookings/internal/handlers/handlers.go:54.67,57.2 2 1
github.com/TheHarryFer/go-bookings/internal/handlers/handlers.go:60.68,63.2 1 1
github.com/TheHarryFer/go-bookings/internal/handlers/handlers.go:66.74,68.9 2 1
github.com/TheHarryFer/go-bookings/internal/handlers/handlers.go:68.9,72.3 3 1
github.com/TheHarryFer/go-bookings/internal/handlers/handlers.go:74.2,75.16 2 1
github.com/TheHarryFer/go-bookings/internal/handlers/handlers.go:75.16,79.3 3 1
github.com/TheHarryFer/go-bookings/internal/handlers/handlers.go:81.2,99.4 10 1
github.com/TheHarryFer/go-bookings/internal/handlers/handlers.go:103.78,105.16 2 1
github.com/TheHarryFer/go-bookings/internal/handlers/handlers.go:105.16,109.3 3 1
github.com/TheHarryFer/go-bookings/internal/handlers/handlers.go:111.2,119.16 5 1
github.com/TheHarryFer/go-bookings/internal/handlers/handlers.go:119.16,123.3 3 1
github.com/TheHarryFer/go-bookings/internal/handlers/handlers.go:125.2,126.16 2 1
github.com/TheHarryFer/go-bookings/internal/handlers/handlers.go:126.16,130.3 3 1
github.com/TheHarryFer/go-bookings/internal/handlers/handlers.go:132.2,133.16 2 1
github.com/TheHarryFer/go-bookings/internal/handlers/handlers.go:133.16,137.3 3 1
github.com/TheHarryFer/go-bookings/internal/handlers/handlers.go:139.2,155.19 6 1
github.com/TheHarryFer/go-bookings/internal/handlers/handlers.go:155.19,163.3 4 1
github.com/TheHarryFer/go-bookings/internal/handlers/handlers.go:165.2,166.16 2 1
github.com/TheHarryFer/go-bookings/internal/handlers/handlers.go:166.16,170.3 3 1
github.com/TheHarryFer/go-bookings/internal/handlers/handlers.go:172.2,181.16 3 1
github.com/TheHarryFer/go-bookings/internal/handlers/handlers.go:181.16,185.3 3 1
github.com/TheHarryFer/go-bookings/internal/handlers/handlers.go:188.2,222.66 8 1
github.com/TheHarryFer/go-bookings/internal/handlers/handlers.go:226.71,228.2 1 1
github.com/TheHarryFer/go-bookings/internal/handlers/handlers.go:231.69,233.2 1 1
github.com/TheHarryFer/go-bookings/internal/handlers/handlers.go:236.75,238.2 1 1
github.com/TheHarryFer/go-bookings/internal/handlers/handlers.go:241.79,243.16 2 1
github.com/TheHarryFer/go-bookings/internal/handlers/handlers.go:243.16,247.3 3 0
github.com/TheHarryFer/go-bookings/internal/handlers/handlers.go:249.2,254.16 5 1
github.com/TheHarryFer/go-bookings/internal/handlers/handlers.go:254.16,258.3 3 1
github.com/TheHarryFer/go-bookings/internal/handlers/handlers.go:259.2,260.16 2 1
github.com/TheHarryFer/go-bookings/internal/handlers/handlers.go:260.16,264.3 3 1
github.com/TheHarryFer/go-bookings/internal/handlers/handlers.go:266.2,267.16 2 1
github.com/TheHarryFer/go-bookings/internal/handlers/handlers.go:267.16,271.3 3 1
github.com/TheHarryFer/go-bookings/internal/handlers/handlers.go:273.2,273.21 1 1
github.com/TheHarryFer/go-bookings/internal/handlers/handlers.go:273.21,278.3 3 1
github.com/TheHarryFer/go-bookings/internal/handlers/handlers.go:280.2,292.4 5 1
github.com/TheHarryFer/go-bookings/internal/handlers/handlers.go:304.79,307.16 2 1
github.com/TheHarryFer/go-bookings/internal/handlers/handlers.go:307.16,318.3 5 1
github.com/TheHarryFer/go-bookings/internal/handlers/handlers.go:320.2,330.16 8 1
github.com/TheHarryFer/go-bookings/internal/handlers/handlers.go:330.16,341.3 5 1
github.com/TheHarryFer/go-bookings/internal/handlers/handlers.go:343.2,354.14 4 1
github.com/TheHarryFer/go-bookings/internal/handlers/handlers.go:358.70,360.2 1 1
github.com/TheHarryFer/go-bookings/internal/handlers/handlers.go:363.81,365.9 2 1
github.com/TheHarryFer/go-bookings/internal/handlers/handlers.go:365.9,369.3 3 1
github.com/TheHarryFer/go-bookings/internal/handlers/handlers.go:371.2,385.4 9 1
github.com/TheHarryFer/go-bookings/internal/handlers/handlers.go:389.73,392.16 3 1
github.com/TheHarryFer/go-bookings/internal/handlers/handlers.go:392.16,396.3 3 1
github.com/TheHarryFer/go-bookings/internal/handlers/handlers.go:398.2,399.9 2 1
github.com/TheHarryFer/go-bookings/internal/handlers/handlers.go:399.9,403.3 3 1
github.com/TheHarryFer/go-bookings/internal/handlers/handlers.go:405.2,409.63 3 1
github.com/TheHarryFer/go-bookings/internal/handlers/handlers.go:413.71,425.16 9 1
github.com/TheHarryFer/go-bookings/internal/handlers/handlers.go:425.16,429.3 3 1
github.com/TheHarryFer/go-bookings/internal/handlers/handlers.go:431.2,438.63 6 1
github.com/TheHarryFer/go-bookings/internal/handlers/handlers.go:442.72,446.2 1 1
github.com/TheHarryFer/go-bookings/internal/handlers/handlers.go:449.76,453.16 3 1
github.com/TheHarryFer/go-bookings/internal/handlers/handlers.go:453.16,455.3 1 0
github.com/TheHarryFer/go-bookings/internal/handlers/handlers.go:457.2,464.19 6 1
github.com/TheHarryFer/go-bookings/internal/handlers/handlers.go:464.19,469.3 2 1
github.com/TheHarryFer/go-bookings/internal/handlers/handlers.go:471.2,472.16 2 1
github.com/TheHarryFer/go-bookings/internal/handlers/handlers.go:472.16,478.3 4 1
github.com/TheHarryFer/go-bookings/internal/handlers/handlers.go:480.2,482.47 3 1
github.com/TheHarryFer/go-bookings/internal/handlers/handlers.go:486.69,491.2 3 1
github.com/TheHarryFer/go-bookings/internal/handlers/handlers.go:493.77,495.2 1 1
github.com/TheHarryFer/go-bookings/internal/handlers/handlers.go:498.83,500.16 2 1
github.com/TheHarryFer/go-bookings/internal/handlers/handlers.go:500.16,503.3 2 0
github.com/TheHarryFer/go-bookings/internal/handlers/handlers.go:505.2,510.4 3 1
github.com/TheHarryFer/go-bookings/internal/handlers/handlers.go:514.83,516.16 2 1
github.com/TheHarryFer/go-bookings/internal/handlers/handlers.go:516.16,519.3 2 0
github.com/TheHarryFer/go-bookings/internal/handlers/handlers.go:521.2,526.4 3 1
github.com/TheHarryFer/go-bookings/internal/handlers/handlers.go:530.83,533.16 3 1
github.com/TheHarryFer/go-bookings/internal/handlers/handlers.go:533.16,536.3 2 0
github.com/TheHarryFer/go-bookings/internal/handlers/handlers.go:538.2,551.16 9 1
github.com/TheHarryFer/go-bookings/internal/handlers/handlers.go:551.16,554.3 2 0
github.com/TheHarryFer/go-bookings/internal/handlers/handlers.go:556.2,563.4 3 1
github.com/TheHarryFer/go-bookings/internal/handlers/handlers.go:566.87,568.16 2 1
github.com/TheHarryFer/go-bookings/internal/handlers/handlers.go:568.16,571.3 2 0
github.com/TheHarryFer/go-bookings/internal/handlers/handlers.go:573.2,575.16 3 1
github.com/TheHarryFer/go-bookings/internal/handlers/handlers.go:575.16,578.3 2 0
github.com/TheHarryFer/go-bookings/internal/handlers/handlers.go:580.2,586.16 5 1
github.com/TheHarryFer/go-bookings/internal/handlers/handlers.go:586.16,589.3 2 0
github.com/TheHarryFer/go-bookings/internal/handlers/handlers.go:591.2,597.16 6 1
github.com/TheHarryFer/go-bookings/internal/handlers/handlers.go:597.16,600.3 2 0
github.com/TheHarryFer/go-bookings/internal/handlers/handlers.go:602.2,607.16 4 1
github.com/TheHarryFer/go-bookings/internal/handlers/handlers.go:607.16,609.3 1 1
github.com/TheHarryFer/go-bookings/internal/handlers/handlers.go:609.8,611.3 1 1
github.com/TheHarryFer/go-bookings/internal/handlers/handlers.go:615.88,619.34 2 1
github.com/TheHarryFer/go-bookings/internal/handlers/handlers.go:619.34,623.3 3 1
github.com/TheHarryFer/go-bookings/internal/handlers/handlers.go:625.2,656.16 23 1
github.com/TheHarryFer/go-bookings/internal/handlers/handlers.go:656.16,659.3 2 0
github.com/TheHarryFer/go-bookings/internal/handlers/handlers.go:661.2,663.26 2 1
github.com/TheHarryFer/go-bookings/internal/handlers/handlers.go:663.26,668.72 3 0
github.com/TheHarryFer/go-bookings/internal/handlers/handlers.go:668.72,671.4 2 0
github.com/TheHarryFer/go-bookings/internal/handlers/handlers.go:674.3,675.17 2 0
github.com/TheHarryFer/go-bookings/internal/handlers/handlers.go:675.17,678.4 2 0
github.com/TheHarryFer/go-bookings/internal/handlers/handlers.go:680.3,680.34 1 0
github.com/TheHarryFer/go-bookings/internal/handlers/handlers.go:680.34,681.27 1 0
github.com/TheHarryFer/go-bookings/internal/handlers/handlers.go:681.27,683.71 1 0
github.com/TheHarryFer/go-bookings/internal/handlers/handlers.go:683.71,686.6 1 0
github.com/TheHarryFer/go-bookings/internal/handlers/handlers.go:687.10,690.5 1 0
github.com/TheHarryFer/go-bookings/internal/handlers/handlers.go:692.3,695.78 3 0
github.com/TheHarryFer/go-bookings/internal/handlers/handlers.go:698.2,702.4 1 1
github.com/TheHarryFer/go-bookings/internal/handlers/handlers.go:706.88,710.16 4 1
github.com/TheHarryFer/go-bookings/internal/handlers/handlers.go:710.16,712.3 1 0
github.com/TheHarryFer/go-bookings/internal/handlers/handlers.go:714.2,719.16 4 1
github.com/TheHarryFer/go-bookings/internal/handlers/handlers.go:719.16,721.3 1 1
github.com/TheHarryFer/go-bookings/internal/handlers/handlers.go:721.8,723.3 1 1
github.com/TheHarryFer/go-bookings/internal/handlers/handlers.go:727.85,731.16 4 1
github.com/TheHarryFer/go-bookings/internal/handlers/handlers.go:731.16,733.3 1 0
github.com/TheHarryFer/go-bookings/internal/handlers/handlers.go:735.2,740.16 4 1
github.com/TheHarryFer/go-bookings/internal/handlers/handlers.go:740.16,742.3 1 1
github.com/TheHarryFer/go-bookings/internal/handlers/handlers.go:742.8,744.3 1 1
github.com/TheHarryFer/go-bookings/internal/handlers/handlers.go:748.92,750.16 2 1
github.com/TheHarryFer/go-bookings/internal/handlers/handlers.go:750.16,753.3 2 0
github.com/TheHarryFer/go-bookings/internal/handlers/handlers.go:755.2,760.16 4 1
github.com/TheHarryFer/go-bookings/internal/handlers/handlers.go:760.16,763.3 2 0
github.com/TheHarryFer/go-bookings/internal/handlers/handlers.go:765.2,767.26 2 1
github.com/TheHarryFer/go-bookings/internal/handlers/handlers.go:767.26,771.35 2 0
github.com/TheHarryFer/go-bookings/internal/handlers/handlers.go:771.35,773.35 1 0
github.com/TheHarryFer/go-bookings/internal/handlers/handlers.go:773.35,776.16 1 0
github.com/TheHarryFer/go-bookings/internal/handlers/handlers.go:776.16,777.66 1 0
github.com/TheHarryFer/go-bookings/internal/handlers/handlers.go:777.66,780.21 2 0
github.com/TheHarryFer/go-bookings/internal/handlers/handlers.go:780.21,782.8 1 0
github.com/TheHarryFer/go-bookings/internal/handlers/handlers.go:790.2,790.31 1 1
github.com/TheHarryFer/go-bookings/internal/handlers/handlers.go:790.31,791.43 1 1
github.com/TheHarryFer/go-bookings/internal/handlers/handlers.go:791.43,797.18 5 1
github.com/TheHarryFer/go-bookings/internal/handlers/handlers.go:797.18,799.5 1 0
github.com/TheHarryFer/go-bookings/internal/handlers/handlers.go:803.2,804.110 2 1
